=================================
Chartcube App v1.3 ...
Running Test Suite v1.0 ...
=================================
------------------
./01_LaunchApp
------------------
The max width/height supported by codec is 1280x720
.
----------------------------------------------------------------------
Ran 1 test in 15.148s

OK
Test Case: Launch Application
E
======================================================================
ERROR: testSomething (__main__.CulebraTests)
----------------------------------------------------------------------
Traceback (most recent call last):
  File "./01_LaunchApp/1_2_cuberefresh.py", line 60, in testSomething
    android___id_list = self.vc.findViewByIdOrRaise("android:id/list")
  File "/usr/local/lib/python2.7/dist-packages/androidviewclient-11.0.1-py2.7.egg/com/dtmilano/android/viewclient.py", line 3345, in findViewByIdOrRaise
    raise ViewNotFoundException("ID", viewId, root)
ViewNotFoundException: Couldn't find View with ID='android:id/list' in tree with root=ROOT

----------------------------------------------------------------------
Ran 1 test in 3.327s

FAILED (errors=1)
Test Case: Refresh List
------------------
./02_SignUp
------------------
The max width/height supported by codec is 1280x720
E
======================================================================
ERROR: testSomething (__main__.CulebraTests)
----------------------------------------------------------------------
Traceback (most recent call last):
  File "./02_SignUp/2_1_newsignup.py", line 60, in testSomething
    self.vc.findViewWithTextOrRaise(u'V 1.3', root=self.vc.findViewByIdOrRaise('id/no_id/10')).touch()
  File "/usr/local/lib/python2.7/dist-packages/androidviewclient-11.0.1-py2.7.egg/com/dtmilano/android/viewclient.py", line 3564, in findViewWithTextOrRaise
    raise ViewNotFoundException("text", text, root)
ViewNotFoundException: Couldn't find View with text='V 1.3' in tree with root=View[ class=android.widget.TextView index=0 selected=false checked=false clickable=false package=com.chartcube.cubepager text=Sales Data - Departmental Stores_karuna_copy long-clickable=false enabled=true bounds=((20, 252), (636, 315)) content-desc= focusable=false focused=false uniqueId=id/no_id/10 checkable=false resource-id=com.chartcube.cubepager:id/textViewCubeTitle password=false class=android.widget.TextView scrollable=false ]   parent=android.widget.LinearLayout

----------------------------------------------------------------------
Ran 1 test in 5.423s

FAILED (errors=1)
Test Case: Sign Up - New User
E
======================================================================
ERROR: testSomething (__main__.CulebraTests)
----------------------------------------------------------------------
Traceback (most recent call last):
  File "./02_SignUp/2_2_existsignup.py", line 60, in testSomething
    self.vc.findViewWithTextOrRaise(u'V 1.3', root=self.vc.findViewByIdOrRaise('id/no_id/10')).touch()
  File "/usr/local/lib/python2.7/dist-packages/androidviewclient-11.0.1-py2.7.egg/com/dtmilano/android/viewclient.py", line 3564, in findViewWithTextOrRaise
    raise ViewNotFoundException("text", text, root)
ViewNotFoundException: Couldn't find View with text='V 1.3' in tree with root=View[ class=android.widget.TextView index=0 selected=false checked=false clickable=false package=com.chartcube.cubepager text=Sales Data - Departmental Stores_karuna_copy long-clickable=false enabled=true bounds=((20, 252), (636, 315)) content-desc= focusable=false focused=false uniqueId=id/no_id/10 checkable=false resource-id=com.chartcube.cubepager:id/textViewCubeTitle password=false class=android.widget.TextView scrollable=false ]   parent=android.widget.LinearLayout

----------------------------------------------------------------------
Ran 1 test in 3.178s

FAILED (errors=1)
Test Case: Sign Up - Existing User
------------------
./03_SignIn
------------------
The max width/height supported by codec is 1280x720
E
======================================================================
ERROR: testSomething (__main__.CulebraTests)
----------------------------------------------------------------------
Traceback (most recent call last):
  File "./03_SignIn/3_1_correctsignin.py", line 60, in testSomething
    self.vc.findViewWithTextOrRaise(u'V 1.3', root=self.vc.findViewByIdOrRaise('id/no_id/10')).touch()
  File "/usr/local/lib/python2.7/dist-packages/androidviewclient-11.0.1-py2.7.egg/com/dtmilano/android/viewclient.py", line 3564, in findViewWithTextOrRaise
    raise ViewNotFoundException("text", text, root)
ViewNotFoundException: Couldn't find View with text='V 1.3' in tree with root=View[ class=android.widget.TextView index=0 selected=false checked=false clickable=false package=com.chartcube.cubepager text=Sales Data - Departmental Stores_karuna_copy long-clickable=false enabled=true bounds=((20, 252), (636, 315)) content-desc= focusable=false focused=false uniqueId=id/no_id/10 checkable=false resource-id=com.chartcube.cubepager:id/textViewCubeTitle password=false class=android.widget.TextView scrollable=false ]   parent=android.widget.LinearLayout

----------------------------------------------------------------------
Ran 1 test in 3.152s

FAILED (errors=1)
Test Case: Sign In - Correct Credentials
E
======================================================================
ERROR: testSomething (__main__.CulebraTests)
----------------------------------------------------------------------
Traceback (most recent call last):
  File "./03_SignIn/3_2_incorrectsignin.py", line 60, in testSomething
    self.vc.findViewWithTextOrRaise(u'V 1.3', root=self.vc.findViewByIdOrRaise('id/no_id/10')).touch()
  File "/usr/local/lib/python2.7/dist-packages/androidviewclient-11.0.1-py2.7.egg/com/dtmilano/android/viewclient.py", line 3564, in findViewWithTextOrRaise
    raise ViewNotFoundException("text", text, root)
ViewNotFoundException: Couldn't find View with text='V 1.3' in tree with root=View[ class=android.widget.TextView index=0 selected=false checked=false clickable=false package=com.chartcube.cubepager text=Sales Data - Departmental Stores_karuna_copy long-clickable=false enabled=true bounds=((20, 252), (636, 315)) content-desc= focusable=false focused=false uniqueId=id/no_id/10 checkable=false resource-id=com.chartcube.cubepager:id/textViewCubeTitle password=false class=android.widget.TextView scrollable=false ]   parent=android.widget.LinearLayout

----------------------------------------------------------------------
Ran 1 test in 3.130s

FAILED (errors=1)
Test Case: Sign In - Incorrect Credentials
------------------
./04_FilterCubes
------------------
The max width/height supported by codec is 1280x720
E
======================================================================
ERROR: testSomething (__main__.CulebraTests)
----------------------------------------------------------------------
Traceback (most recent call last):
  File "./04_FilterCubes/4_1_allchart.py", line 78, in testSomething
    if (self.vc.findViewWithTextOrRaise(u'You, 3 weeks 3 days ago')):
  File "/usr/local/lib/python2.7/dist-packages/androidviewclient-11.0.1-py2.7.egg/com/dtmilano/android/viewclient.py", line 3564, in findViewWithTextOrRaise
    raise ViewNotFoundException("text", text, root)
ViewNotFoundException: Couldn't find View with text='You, 3 weeks 3 days ago' in tree with root=ROOT

----------------------------------------------------------------------
Ran 1 test in 20.911s

FAILED (errors=1)
Test Case: CubeFilter- All Chartcubes
CubeFilter- My Chartcubes
E
======================================================================
ERROR: testSomething (__main__.CulebraTests)
----------------------------------------------------------------------
Traceback (most recent call last):
  File "./04_FilterCubes/4_2_mychart.py", line 96, in testSomething
    if (self.vc.findViewWithTextOrRaise(u'Sumedh More, 2 weeks 5 days ago')):
  File "/usr/local/lib/python2.7/dist-packages/androidviewclient-11.0.1-py2.7.egg/com/dtmilano/android/viewclient.py", line 3564, in findViewWithTextOrRaise
    raise ViewNotFoundException("text", text, root)
ViewNotFoundException: Couldn't find View with text='Sumedh More, 2 weeks 5 days ago' in tree with root=ROOT

----------------------------------------------------------------------
Ran 1 test in 38.522s

FAILED (errors=1)
Test Case: CubeFilter- My Chartcubes
CubeFilter- All Chartcubes
CubeFilter- Shared Chartcubes
E
======================================================================
ERROR: testSomething (__main__.CulebraTests)
----------------------------------------------------------------------
Traceback (most recent call last):
  File "./04_FilterCubes/4_3_sharedchart.py", line 96, in testSomething
    if (self.vc.findViewWithTextOrRaise(u'You, 3 weeks 3 days ago')):
  File "/usr/local/lib/python2.7/dist-packages/androidviewclient-11.0.1-py2.7.egg/com/dtmilano/android/viewclient.py", line 3564, in findViewWithTextOrRaise
    raise ViewNotFoundException("text", text, root)
ViewNotFoundException: Couldn't find View with text='You, 3 weeks 3 days ago' in tree with root=ROOT

----------------------------------------------------------------------
Ran 1 test in 43.743s

FAILED (errors=1)
Test Case: CubeFilter- Shared Chartcubes
CubeFilter- All Chartcubes
CubeFilter- My Chartcubes
------------------
./05_Settings
------------------
The max width/height supported by codec is 1280x720
Test Case: Settings
Sign Out
Selected No
Traceback (most recent call last):
  File "./05_Settings/5_1_1_nosignout.py", line 89, in <module>
    CulebraTests.main()
  File "/usr/local/lib/python2.7/dist-packages/androidviewclient-11.0.1-py2.7.egg/com/dtmilano/android/viewclient.py", line 4319, in main
    unittest.main()
  File "/usr/lib/python2.7/unittest/main.py", line 95, in __init__
    self.runTests()
  File "/usr/lib/python2.7/unittest/main.py", line 232, in runTests
    self.result = testRunner.run(self.test)
  File "/usr/lib/python2.7/unittest/runner.py", line 151, in run
    test(result)
  File "/usr/lib/python2.7/unittest/suite.py", line 70, in __call__
    return self.run(*args, **kwds)
  File "/usr/lib/python2.7/unittest/suite.py", line 108, in run
    test(result)
  File "/usr/lib/python2.7/unittest/suite.py", line 70, in __call__
    return self.run(*args, **kwds)
  File "/usr/lib/python2.7/unittest/suite.py", line 108, in run
    test(result)
  File "/usr/lib/python2.7/unittest/case.py", line 395, in __call__
    return self.run(*args, **kwds)
  File "/usr/lib/python2.7/unittest/case.py", line 331, in run
    testMethod()
  File "./05_Settings/5_1_1_nosignout.py", line 72, in testSomething
    self.vc.dump(window=-1)
  File "/usr/local/lib/python2.7/dist-packages/androidviewclient-11.0.1-py2.7.egg/com/dtmilano/android/viewclient.py", line 3083, in dump
    time.sleep(sleep)
KeyboardInterrupt
